<?xml version="1.0" encoding="UTF-8"?><testsuite errors="1" failures="0" name="Reto Choucair" skipped="0" tests="1" time="0.74" timestamp="2022-01-16 10:43:25"><testcase name="Create a new user"><error type="java.lang.ExceptionInInitializerError"/><system-err>null&#13;
cucumber.deps.com.thoughtworks.xstream.XStream.setupConverters(XStream.java:820)&#13;
cucumber.deps.com.thoughtworks.xstream.XStream.&lt;init&gt;(XStream.java:574)&#13;
cucumber.deps.com.thoughtworks.xstream.XStream.&lt;init&gt;(XStream.java:530)&#13;
cucumber.runner.Runner.runPickle(Runner.java:80)&#13;
worker.org.gradle.process.internal.worker.GradleWorkerMain.run(GradleWorkerMain.java:69)&#13;
worker.org.gradle.process.internal.worker.GradleWorkerMain.main(GradleWorkerMain.java:74)&#13;
✽.that yoana needs a new user to enter utest(src/test/resources/features/prueba_choucair.feature:7)&#13;
</system-err></testcase></testsuite>